[2020-05-14 17:36:39]  [2.12ms]  SELECT * FROM `course_schedule`  WHERE `course_schedule`.`deleted_at` IS NULL AND ((uid = 1565170) AND (platform = 5) AND (course_id = 201202))
[1 rows affected or returned ]
runtime: goroutine stack exceeds 1000000000-byte limit
fatal error: stack overflow

runtime stack:
runtime.throw(0x13a2b19, 0xe)
	/usr/local/go/src/runtime/panic.go:774 +0x72
runtime.newstack()
	/usr/local/go/src/runtime/stack.go:1046 +0x6e9
runtime.morestack()
	/usr/local/go/src/runtime/asm_amd64.s:449 +0x8f

goroutine 38 [running]:
time.Time.abs(0x0, 0x63360beeab, 0x208d840, 0x0)
	/usr/local/go/src/time/time.go:455 +0x102 fp=0xc020c64360 sp=0xc020c64358 pc=0x492192
time.Time.date(0x0, 0x63360beeab, 0x208d840, 0x54be7a6801, 0xc0000cb8d6, 0x3, 0x7080, 0x28d223f0)
	/usr/local/go/src/time/time.go:974 +0x3f fp=0xc020c643a0 sp=0xc020c64360 pc=0x49397f
time.Time.Date(...)
	/usr/local/go/src/time/time.go:499
time.Time.AddDate(0x0, 0x63360beeab, 0x208d840, 0x0, 0x0, 0x1, 0x0, 0x208d840, 0x0)
	/usr/local/go/src/time/time.go:956 +0x51 fp=0xc020c64420 sp=0xc020c643a0 pc=0x493831
hi.hxxbaby.com/letsgo/course/utils.GetNextWeekActiveLessonTime(0x0, 0x0, 0x0, 0x0, 0x63360beeab, 0x208d840, 0x0, 0x63360beeab, 0x208d840)
	/go/release/utils/date.go:91 +0x5d fp=0xc020c644a0 sp=0xc020c64420 pc=0xf0264d
hi.hxxbaby.com/letsgo/course/utils.GetNextWeekActiveLessonTime(0x0, 0x0, 0x0, 0x0, 0x63360a9d2b, 0x208d840, 0x0, 0x63360a9d2b, 0x208d840)
	/go/release/utils/date.go:97 +0x213 fp=0xc020c64520 sp=0xc020c644a0 pc=0xf02803
hi.hxxbaby.com/letsgo/course/utils.GetNextWeekActiveLessonTime(0x0, 0x0, 0x0, 0x0, 0x6336094bab, 0x208d840, 0x0, 0x6336094bab, 0x208d840)
	/go/release/utils/date.go:97 +0x213 fp=0xc020c645a0 sp=0xc020c64520 pc=0xf02803
hi.hxxbaby.com/letsgo/course/utils.GetNextWeekActiveLessonTime(0x0, 0x0, 0x0, 0x0, 0x633607fa2b, 0x208d840, 0x0, 0x633607fa2b, 0x208d840)
	/go/release/utils/date.go:97 +0x213 fp=0xc020c64620 sp=0xc020c645a0 pc=0xf02803
hi.hxxbaby.com/letsgo/course/utils.GetNextWeekActiveLessonTime(0x0, 0x0, 0x0, 0x0, 0x633606a8ab, 0x208d840, 0x0, 0x633606a8ab, 0x208d840)
	/go/release/utils/date.go:97 +0x213 fp=0xc020c646a0 sp=0xc020c64620 pc=0xf02803
hi.hxxbaby.com/letsgo/course/utils.GetNextWeekActiveLessonTime(0x0, 0x0, 0x0, 0x0, 0x633605572b, 0x208d840, 0x0, 0x633605572b, 0x208d840)
	/go/release/utils/date.go:97 +0x213 fp=0xc020c64720 sp=0xc020c646a0 pc=0xf02803
hi.hxxbaby.com/letsgo/course/utils.GetNextWeekActiveLessonTime(0x0, 0x0, 0x0, 0x0, 0x63360405ab, 0x208d840, 0x0, 0x63360405ab, 0x208d840)
	/go/release/utils/date.go:97 +0x213 fp=0xc020c647a0 sp=0xc020c64720 pc=0xf02803
hi.hxxbaby.com/letsgo/course/utils.GetNextWeekActiveLessonTime(0x0, 0x0, 0x0, 0x0, 0x633602b42b, 0x208d840, 0x0, 0x633602b42b, 0x208d840)
	/go/release/utils/date.go:97 +0x213 fp=0xc020c64820 sp=0xc020c647a0 pc=0xf02803
hi.hxxbaby.com/letsgo/course/utils.GetNextWeekActiveLessonTime(0x0, 0x0, 0x0, 0x0, 0x63360162ab, 0x208d840, 0x0, 0x63360162ab, 0x208d840)
	/go/release/utils/date.go:97 +0x213 fp=0xc020c648a0 sp=0xc020c64820 pc=0xf02803
hi.hxxbaby.com/letsgo/course/utils.GetNextWeekActiveLessonTime(0x0, 0x0, 0x0, 0x0, 0x633600112b, 0x208d840, 0x0, 0x633600112b, 0x208d840)
	/go/release/utils/date.go:97 +0x213 fp=0xc020c64920 sp=0xc020c648a0 pc=0xf02803
hi.hxxbaby.com/letsgo/course/utils.GetNextWeekActiveLessonTime(0x0, 0x0, 0x0, 0x0, 0x6335febfab, 0x208d840, 0x0, 0x6335febfab, 0x208d840)
	/go/release/utils/date.go:97 +0x213 fp=0xc020c649a0 sp=0xc020c64920 pc=0xf02803
hi.hxxbaby.com/letsgo/course/utils.GetNextWeekActiveLessonTime(0x0, 0x0, 0x0, 0x0, 0x6335fd6e2b, 0x208d840, 0x0, 0x6335fd6e2b, 0x208d840)
	/go/release/utils/date.go:97 +0x213 fp=0xc020c64a20 sp=0xc020c649a0 pc=0xf02803
hi.hxxbaby.com/letsgo/course/utils.GetNextWeekActiveLessonTime(0x0, 0x0, 0x0, 0x0, 0x6335fc1cab, 0x208d840, 0x0, 0x6335fc1cab, 0x208d840)
	/go/release/utils/date.go:97 +0x213 fp=0xc020c64aa0 sp=0xc020c64a20 pc=0xf02803
hi.hxxbaby.com/letsgo/course/utils.GetNextWeekActiveLessonTime(0x0, 0x0, 0x0, 0x0, 0x6335facb2b, 0x208d840, 0x0, 0x6335facb2b, 0x208d840)
	/go/release/utils/date.go:97 +0x213 fp=0xc020c64b20 sp=0xc020c64aa0 pc=0xf02803
hi.hxxbaby.com/letsgo/course/utils.GetNextWeekActiveLessonTime(0x0, 0x0, 0x0, 0x0, 0x6335f979ab, 0x208d840, 0x0, 0x6335f979ab, 0x208d840)
	/go/release/utils/date.go:97 +0x213 fp=0xc020c64ba0 sp=0xc020c64b20 pc=0xf02803
hi.hxxbaby.com/letsgo/course/utils.GetNextWeekActiveLessonTime(0x0, 0x0, 0x0, 0x0, 0x6335f8282b, 0x208d840, 0x0, 0x6335f8282b, 0x208d840)
	/go/release/utils/date.go:97 +0x213 fp=0xc020c64c20 sp=0xc020c64ba0 pc=0xf02803
hi.hxxbaby.com/letsgo/course/utils.GetNextWeekActiveLessonTime(0x0, 0x0, 0x0, 0x0, 0x6335f6d6ab, 0x208d840, 0x0, 0x6335f6d6ab, 0x208d840)
	/go/release/utils/date.go:97 +0x213 fp=0xc020c64ca0 sp=0xc020c64c20 pc=0xf02803
hi.hxxbaby.com/letsgo/course/utils.GetNextWeekActiveLessonTime(0x0, 0x0, 0x0, 0x0, 0x6335f5852b, 0x208d840, 0x0, 0x6335f5852b, 0x208d840)
	/go/release/utils/date.go:97 +0x213 fp=0xc020c64d20 sp=0xc020c64ca0 pc=0xf02803
hi.hxxbaby.com/letsgo/course/utils.GetNextWeekActiveLessonTime(0x0, 0x0, 0x0, 0x0, 0x6335f433ab, 0x208d840, 0x0, 0x6335f433ab, 0x208d840)
	/go/release/utils/date.go:97 +0x213 fp=0xc020c64da0 sp=0xc020c64d20 pc=0xf02803
hi.hxxbaby.com/letsgo/course/utils.GetNextWeekActiveLessonTime(0x0, 0x0, 0x0, 0x0, 0x6335f2e22b, 0x208d840, 0x0, 0x6335f2e22b, 0x208d840)
	/go/release/utils/date.go:97 +0x213 fp=0xc020c64e20 sp=0xc020c64da0 pc=0xf02803
hi.hxxbaby.com/letsgo/course/utils.GetNextWeekActiveLessonTime(0x0, 0x0, 0x0, 0x0, 0x6335f190ab, 0x208d840, 0x0, 0x6335f190ab, 0x208d840)
	/go/release/utils/date.go:97 +0x213 fp=0xc020c64ea0 sp=0xc020c64e20 pc=0xf02803
hi.hxxbaby.com/letsgo/course/utils.GetNextWeekActiveLessonTime(0x0, 0x0, 0x0, 0x0, 0x6335f03f2b, 0x208d840, 0x0, 0x6335f03f2b, 0x208d840)
	/go/release/utils/date.go:97 +0x213 fp=0xc020c64f20 sp=0xc020c64ea0 pc=0xf02803
hi.hxxbaby.com/letsgo/course/utils.GetNextWeekActiveLessonTime(0x0, 0x0, 0x0, 0x0, 0x6335eeedab, 0x208d840, 0x0, 0x6335eeedab, 0x208d840)
	/go/release/utils/date.go:97 +0x213 fp=0xc020c64fa0 sp=0xc020c64f20 pc=0xf02803
hi.hxxbaby.com/letsgo/course/utils.GetNextWeekActiveLessonTime(0x0, 0x0, 0x0, 0x0, 0x6335ed9c2b, 0x208d840, 0x0, 0x6335ed9c2b, 0x208d840)
	/go/release/utils/date.go:97 +0x213 fp=0xc020c65020 sp=0xc020c64fa0 pc=0xf02803
hi.hxxbaby.com/letsgo/course/utils.GetNextWeekActiveLessonTime(0x0, 0x0, 0x0, 0x0, 0x6335ec4aab, 0x208d840, 0x0, 0x6335ec4aab, 0x208d840)
	/go/release/utils/date.go:97 +0x213 fp=0xc020c650a0 sp=0xc020c65020 pc=0xf02803
hi.hxxbaby.com/letsgo/course/utils.GetNextWeekActiveLessonTime(0x0, 0x0, 0x0, 0x0, 0x6335eaf92b, 0x208d840, 0x0, 0x6335eaf92b, 0x208d840)
	/go/release/utils/date.go:97 +0x213 fp=0xc020c65120 sp=0xc020c650a0 pc=0xf02803
hi.hxxbaby.com/letsgo/course/utils.GetNextWeekActiveLessonTime(0x0, 0x0, 0x0, 0x0, 0x6335e9a7ab, 0x208d840, 0x0, 0x6335e9a7ab, 0x208d840)
	/go/release/utils/date.go:97 +0x213 fp=0xc020c651a0 sp=0xc020c65120 pc=0xf02803
hi.hxxbaby.com/letsgo/course/utils.GetNextWeekActiveLessonTime(0x0, 0x0, 0x0, 0x0, 0x6335e8562b, 0x208d840, 0x0, 0x6335e8562b, 0x208d840)
	/go/release/utils/date.go:97 +0x213 fp=0xc020c65220 sp=0xc020c651a0 pc=0xf02803
hi.hxxbaby.com/letsgo/course/utils.GetNextWeekActiveLessonTime(0x0, 0x0, 0x0, 0x0, 0x6335e704ab, 0x208d840, 0x0, 0x6335e704ab, 0x208d840)
	/go/release/utils/date.go:97 +0x213 fp=0xc020c652a0 sp=0xc020c65220 pc=0xf02803
hi.hxxbaby.com/letsgo/course/utils.GetNextWeekActiveLessonTime(0x0, 0x0, 0x0, 0x0, 0x6335e5b32b, 0x208d840, 0x0, 0x6335e5b32b, 0x208d840)
	/go/release/utils/date.go:97 +0x213 fp=0xc020c65320 sp=0xc020c652a0 pc=0xf02803
hi.hxxbaby.com/letsgo/course/utils.GetNextWeekActiveLessonTime(0x0, 0x0, 0x0, 0x0, 0x6335e461ab, 0x208d840, 0x0, 0x6335e461ab, 0x208d840)
	/go/release/utils/date.go:97 +0x213 fp=0xc020c653a0 sp=0xc020c65320 pc=0xf02803
hi.hxxbaby.com/letsgo/course/utils.GetNextWeekActiveLessonTime(0x0, 0x0, 0x0, 0x0, 0x6335e3102b, 0x208d840, 0x0, 0x6335e3102b, 0x208d840)
	/go/release/utils/date.go:97 +0x213 fp=0xc020c65420 sp=0xc020c653a0 pc=0xf02803
hi.hxxbaby.com/letsgo/course/utils.GetNextWeekActiveLessonTime(0x0, 0x0, 0x0, 0x0, 0x6335e1beab, 0x208d840, 0x0, 0x6335e1beab, 0x208d840)
	/go/release/utils/date.go:97 +0x213 fp=0xc020c654a0 sp=0xc020c65420 pc=0xf02803
hi.hxxbaby.com/letsgo/course/utils.GetNextWeekActiveLessonTime(0x0, 0x0, 0x0, 0x0, 0x6335e06d2b, 0x208d840, 0x0, 0x6335e06d2b, 0x208d840)
	/go/release/utils/date.go:97 +0x213 fp=0xc020c65520 sp=0xc020c654a0 pc=0xf02803
hi.hxxbaby.com/letsgo/course/utils.GetNextWeekActiveLessonTime(0x0, 0x0, 0x0, 0x0, 0x6335df1bab, 0x208d840, 0x0, 0x6335df1bab, 0x208d840)
	/go/release/utils/date.go:97 +0x213 fp=0xc020c655a0 sp=0xc020c65520 pc=0xf02803
hi.hxxbaby.com/letsgo/course/utils.GetNextWeekActiveLessonTime(0x0, 0x0, 0x0, 0x0, 0x6335ddca2b, 0x208d840, 0x0, 0x6335ddca2b, 0x208d840)
	/go/release/utils/date.go:97 +0x213 fp=0xc020c65620 sp=0xc020c655a0 pc=0xf02803
hi.hxxbaby.com/letsgo/course/utils.GetNextWeekActiveLessonTime(0x0, 0x0, 0x0, 0x0, 0x6335dc78ab, 0x208d840, 0x0, 0x6335dc78ab, 0x208d840)
	/go/release/utils/date.go:97 +0x213 fp=0xc020c656a0 sp=0xc020c65620 pc=0xf02803
hi.hxxbaby.com/letsgo/course/utils.GetNextWeekActiveLessonTime(0x0, 0x0, 0x0, 0x0, 0x6335db272b, 0x208d840, 0x0, 0x6335db272b, 0x208d840)
	/go/release/utils/date.go:97 +0x213 fp=0xc020c65720 sp=0xc020c656a0 pc=0xf02803
hi.hxxbaby.com/letsgo/course/utils.GetNextWeekActiveLessonTime(0x0, 0x0, 0x0, 0x0, 0x6335d9d5ab, 0x208d840, 0x0, 0x6335d9d5ab, 0x208d840)
	/go/release/utils/date.go:97 +0x213 fp=0xc020c657a0 sp=0xc020c65720 pc=0xf02803
hi.hxxbaby.com/letsgo/course/utils.GetNextWeekActiveLessonTime(0x0, 0x0, 0x0, 0x0, 0x6335d8842b, 0x208d840, 0x0, 0x6335d8842b, 0x208d840)
	/go/release/utils/date.go:97 +0x213 fp=0xc020c65820 sp=0xc020c657a0 pc=0xf02803
hi.hxxbaby.com/letsgo/course/utils.GetNextWeekActiveLessonTime(0x0, 0x0, 0x0, 0x0, 0x6335d732ab, 0x208d840, 0x0, 0x6335d732ab, 0x208d840)
	/go/release/utils/date.go:97 +0x213 fp=0xc020c658a0 sp=0xc020c65820 pc=0xf02803
hi.hxxbaby.com/letsgo/course/utils.GetNextWeekActiveLessonTime(0x0, 0x0, 0x0, 0x0, 0x6335d5e12b, 0x208d840, 0x0, 0x6335d5e12b, 0x208d840)
	/go/release/utils/date.go:97 +0x213 fp=0xc020c65920 sp=0xc020c658a0 pc=0xf02803
hi.hxxbaby.com/letsgo/course/utils.GetNextWeekActiveLessonTime(0x0, 0x0, 0x0, 0x0, 0x6335d48fab, 0x208d840, 0x0, 0x6335d48fab, 0x208d840)
	/go/release/utils/date.go:97 +0x213 fp=0xc020c659a0 sp=0xc020c65920 pc=0xf02803
hi.hxxbaby.com/letsgo/course/utils.GetNextWeekActiveLessonTime(0x0, 0x0, 0x0, 0x0, 0x6335d33e2b, 0x208d840, 0x0, 0x6335d33e2b, 0x208d840)
	/go/release/utils/date.go:97 +0x213 fp=0xc020c65a20 sp=0xc020c659a0 pc=0xf02803
hi.hxxbaby.com/letsgo/course/utils.GetNextWeekActiveLessonTime(0x0, 0x0, 0x0, 0x0, 0x6335d1ecab, 0x208d840, 0x0, 0x6335d1ecab, 0x208d840)
	/go/release/utils/date.go:97 +0x213 fp=0xc020c65aa0 sp=0xc020c65a20 pc=0xf02803
hi.hxxbaby.com/letsgo/course/utils.GetNextWeekActiveLessonTime(0x0, 0x0, 0x0, 0x0, 0x6335d09b2b, 0x208d840, 0x0, 0x6335d09b2b, 0x208d840)
	/go/release/utils/date.go:97 +0x213 fp=0xc020c65b20 sp=0xc020c65aa0 pc=0xf02803
hi.hxxbaby.com/letsgo/course/utils.GetNextWeekActiveLessonTime(0x0, 0x0, 0x0, 0x0, 0x6335cf49ab, 0x208d840, 0x0, 0x6335cf49ab, 0x208d840)
	/go/release/utils/date.go:97 +0x213 fp=0xc020c65ba0 sp=0xc020c65b20 pc=0xf02803
hi.hxxbaby.com/letsgo/course/utils.GetNextWeekActiveLessonTime(0x0, 0x0, 0x0, 0x0, 0x6335cdf82b, 0x208d840, 0x0, 0x6335cdf82b, 0x208d840)
	/go/release/utils/date.go:97 +0x213 fp=0xc020c65c20 sp=0xc020c65ba0 pc=0xf02803
hi.hxxbaby.com/letsgo/course/utils.GetNextWeekActiveLessonTime(0x0, 0x0, 0x0, 0x0, 0x6335cca6ab, 0x208d840, 0x0, 0x6335cca6ab, 0x208d840)
	/go/release/utils/date.go:97 +0x213 fp=0xc020c65ca0 sp=0xc020c65c20 pc=0xf02803
hi.hxxbaby.com/letsgo/course/utils.GetNextWeekActiveLessonTime(0x0, 0x0, 0x0, 0x0, 0x6335cb552b, 0x208d840, 0x0, 0x6335cb552b, 0x208d840)
	/go/release/utils/date.go:97 +0x213 fp=0xc020c65d20 sp=0xc020c65ca0 pc=0xf02803
hi.hxxbaby.com/letsgo/course/utils.GetNextWeekActiveLessonTime(0x0, 0x0, 0x0, 0x0, 0x6335ca03ab, 0x208d840, 0x0, 0x6335ca03ab, 0x208d840)
	/go/release/utils/date.go:97 +0x213 fp=0xc020c65da0 sp=0xc020c65d20 pc=0xf02803
hi.hxxbaby.com/letsgo/course/utils.GetNextWeekActiveLessonTime(0x0, 0x0, 0x0, 0x0, 0x6335c8b22b, 0x208d840, 0x0, 0x6335c8b22b, 0x208d840)
	/go/release/utils/date.go:97 +0x213 fp=0xc020c65e20 sp=0xc020c65da0 pc=0xf02803
hi.hxxbaby.com/letsgo/course/utils.GetNextWeekActiveLessonTime(0x0, 0x0, 0x0, 0x0, 0x6335c760ab, 0x208d840, 0x0, 0x6335c760ab, 0x208d840)
	/go/release/utils/date.go:97 +0x213 fp=0xc020c65ea0 sp=0xc020c65e20 pc=0xf02803
hi.hxxbaby.com/letsgo/course/utils.GetNextWeekActiveLessonTime(0x0, 0x0, 0x0, 0x0, 0x6335c60f2b, 0x208d840, 0x0, 0x6335c60f2b, 0x208d840)
	/go/release/utils/date.go:97 +0x213 fp=0xc020c65f20 sp=0xc020c65ea0 pc=0xf02803
hi.hxxbaby.com/letsgo/course/utils.GetNextWeekActiveLessonTime(0x0, 0x0, 0x0, 0x0, 0x6335c4bdab, 0x208d840, 0x0, 0x6335c4bdab, 0x208d840)
	/go/release/utils/date.go:97 +0x213 fp=0xc020c65fa0 sp=0xc020c65f20 pc=0xf02803
hi.hxxbaby.com/letsgo/course/utils.GetNextWeekActiveLessonTime(0x0, 0x0, 0x0, 0x0, 0x6335c36c2b, 0x208d840, 0x0, 0x6335c36c2b, 0x208d840)
	/go/release/utils/date.go:97 +0x213 fp=0xc020c66020 sp=0xc020c65fa0 pc=0xf02803
hi.hxxbaby.com/letsgo/course/utils.GetNextWeekActiveLessonTime(0x0, 0x0, 0x0, 0x0, 0x6335c21aab, 0x208d840, 0x0, 0x6335c21aab, 0x208d840)
	/go/release/utils/date.go:97 +0x213 fp=0xc020c660a0 sp=0xc020c66020 pc=0xf02803
hi.hxxbaby.com/letsgo/course/utils.GetNextWeekActiveLessonTime(0x0, 0x0, 0x0, 0x0, 0x6335c0c92b, 0x208d840, 0x0, 0x6335c0c92b, 0x208d840)
	/go/release/utils/date.go:97 +0x213 fp=0xc020c66120 sp=0xc020c660a0 pc=0xf02803
hi.hxxbaby.com/letsgo/course/utils.GetNextWeekActiveLessonTime(0x0, 0x0, 0x0, 0x0, 0x6335bf77ab, 0x208d840, 0x0, 0x6335bf77ab, 0x208d840)
	/go/release/utils/date.go:97 +0x213 fp=0xc020c661a0 sp=0xc020c66120 pc=0xf02803
hi.hxxbaby.com/letsgo/course/utils.GetNextWeekActiveLessonTime(0x0, 0x0, 0x0, 0x0, 0x6335be262b, 0x208d840, 0x0, 0x6335be262b, 0x208d840)
	/go/release/utils/date.go:97 +0x213 fp=0xc020c66220 sp=0xc020c661a0 pc=0xf02803
hi.hxxbaby.com/letsgo/course/utils.GetNextWeekActiveLessonTime(0x0, 0x0, 0x0, 0x0, 0x6335bcd4ab, 0x208d840, 0x0, 0x6335bcd4ab, 0x208d840)
	/go/release/utils/date.go:97 +0x213 fp=0xc020c662a0 sp=0xc020c66220 pc=0xf02803
hi.hxxbaby.com/letsgo/course/utils.GetNextWeekActiveLessonTime(0x0, 0x0, 0x0, 0x0, 0x6335bb832b, 0x208d840, 0x0, 0x6335bb832b, 0x208d840)
	/go/release/utils/date.go:97 +0x213 fp=0xc020c66320 sp=0xc020c662a0 pc=0xf02803
hi.hxxbaby.com/letsgo/course/utils.GetNextWeekActiveLessonTime(0x0, 0x0, 0x0, 0x0, 0x6335ba31ab, 0x208d840, 0x0, 0x6335ba31ab, 0x208d840)
	/go/release/utils/date.go:97 +0x213 fp=0xc020c663a0 sp=0xc020c66320 pc=0xf02803
hi.hxxbaby.com/letsgo/course/utils.GetNextWeekActiveLessonTime(0x0, 0x0, 0x0, 0x0, 0x6335b8e02b, 0x208d840, 0x0, 0x6335b8e02b, 0x208d840)
	/go/release/utils/date.go:97 +0x213 fp=0xc020c66420 sp=0xc020c663a0 pc=0xf02803
hi.hxxbaby.com/letsgo/course/utils.GetNextWeekActiveLessonTime(0x0, 0x0, 0x0, 0x0, 0x6335b78eab, 0x208d840, 0x0, 0x6335b78eab, 0x208d840)
	/go/release/utils/date.go:97 +0x213 fp=0xc020c664a0 sp=0xc020c66420 pc=0xf02803
hi.hxxbaby.com/letsgo/course/utils.GetNextWeekActiveLessonTime(0x0, 0x0, 0x0, 0x0, 0x6335b63d2b, 0x208d840, 0x0, 0x6335b63d2b, 0x208d840)
	/go/release/utils/date.go:97 +0x213 fp=0xc020c66520 sp=0xc020c664a0 pc=0xf02803
hi.hxxbaby.com/letsgo/course/utils.GetNextWeekActiveLessonTime(0x0, 0x0, 0x0, 0x0, 0x6335b4ebab, 0x208d840, 0x0, 0x6335b4ebab, 0x208d840)
	/go/release/utils/date.go:97 +0x213 fp=0xc020c665a0 sp=0xc020c66520 pc=0xf02803
hi.hxxbaby.com/letsgo/course/utils.GetNextWeekActiveLessonTime(0x0, 0x0, 0x0, 0x0, 0x6335b39a2b, 0x208d840, 0x0, 0x6335b39a2b, 0x208d840)
	/go/release/utils/date.go:97 +0x213 fp=0xc020c66620 sp=0xc020c665a0 pc=0xf02803
hi.hxxbaby.com/letsgo/course/utils.GetNextWeekActiveLessonTime(0x0, 0x0, 0x0, 0x0, 0x6335b248ab, 0x208d840, 0x0, 0x6335b248ab, 0x208d840)
	/go/release/utils/date.go:97 +0x213 fp=0xc020c666a0 sp=0xc020c66620 pc=0xf02803
hi.hxxbaby.com/letsgo/course/utils.GetNextWeekActiveLessonTime(0x0, 0x0, 0x0, 0x0, 0x6335b0f72b, 0x208d840, 0x0, 0x6335b0f72b, 0x208d840)
	/go/release/utils/date.go:97 +0x213 fp=0xc020c66720 sp=0xc020c666a0 pc=0xf02803
hi.hxxbaby.com/letsgo/course/utils.GetNextWeekActiveLessonTime(0x0, 0x0, 0x0, 0x0, 0x6335afa5ab, 0x208d840, 0x0, 0x6335afa5ab, 0x208d840)
	/go/release/utils/date.go:97 +0x213 fp=0xc020c667a0 sp=0xc020c66720 pc=0xf02803
hi.hxxbaby.com/letsgo/course/utils.GetNextWeekActiveLessonTime(0x0, 0x0, 0x0, 0x0, 0x6335ae542b, 0x208d840, 0x0, 0x6335ae542b, 0x208d840)
	/go/release/utils/date.go:97 +0x213 fp=0xc020c66820 sp=0xc020c667a0 pc=0xf02803
hi.hxxbaby.com/letsgo/course/utils.GetNextWeekActiveLessonTime(0x0, 0x0, 0x0, 0x0, 0x6335ad02ab, 0x208d840, 0x0, 0x6335ad02ab, 0x208d840)
	/go/release/utils/date.go:97 +0x213 fp=0xc020c668a0 sp=0xc020c66820 pc=0xf02803
hi.hxxbaby.com/letsgo/course/utils.GetNextWeekActiveLessonTime(0x0, 0x0, 0x0, 0x0, 0x6335abb12b, 0x208d840, 0x0, 0x6335abb12b, 0x208d840)
	/go/release/utils/date.go:97 +0x213 fp=0xc020c66920 sp=0xc020c668a0 pc=0xf02803
hi.hxxbaby.com/letsgo/course/utils.GetNextWeekActiveLessonTime(0x0, 0x0, 0x0, 0x0, 0x6335aa5fab, 0x208d840, 0x0, 0x6335aa5fab, 0x208d840)
	/go/release/utils/date.go:97 +0x213 fp=0xc020c669a0 sp=0xc020c66920 pc=0xf02803
hi.hxxbaby.com/letsgo/course/utils.GetNextWeekActiveLessonTime(0x0, 0x0, 0x0, 0x0, 0x6335a90e2b, 0x208d840, 0x0, 0x6335a90e2b, 0x208d840)
	/go/release/utils/date.go:97 +0x213 fp=0xc020c66a20 sp=0xc020c669a0 pc=0xf02803
hi.hxxbaby.com/letsgo/course/utils.GetNextWeekActiveLessonTime(0x0, 0x0, 0x0, 0x0, 0x6335a7bcab, 0x208d840, 0x0, 0x6335a7bcab, 0x208d840)
	/go/release/utils/date.go:97 +0x213 fp=0xc020c66aa0 sp=0xc020c66a20 pc=0xf02803
hi.hxxbaby.com/letsgo/course/utils.GetNextWeekActiveLessonTime(0x0, 0x0, 0x0, 0x0, 0x6335a66b2b, 0x208d840, 0x0, 0x6335a66b2b, 0x208d840)
	/go/release/utils/date.go:97 +0x213 fp=0xc020c66b20 sp=0xc020c66aa0 pc=0xf02803
hi.hxxbaby.com/letsgo/course/utils.GetNextWeekActiveLessonTime(0x0, 0x0, 0x0, 0x0, 0x6335a519ab, 0x208d840, 0x0, 0x6335a519ab, 0x208d840)
	/go/release/utils/date.go:97 +0x213 fp=0xc020c66ba0 sp=0xc020c66b20 pc=0xf02803
hi.hxxbaby.com/letsgo/course/utils.GetNextWeekActiveLessonTime(0x0, 0x0, 0x0, 0x0, 0x6335a3c82b, 0x208d840, 0x0, 0x6335a3c82b, 0x208d840)
	/go/release/utils/date.go:97 +0x213 fp=0xc020c66c20 sp=0xc020c66ba0 pc=0xf02803
hi.hxxbaby.com/letsgo/course/utils.GetNextWeekActiveLessonTime(0x0, 0x0, 0x0, 0x0, 0x6335a276ab, 0x208d840, 0x0, 0x6335a276ab, 0x208d840)
	/go/release/utils/date.go:97 +0x213 fp=0xc020c66ca0 sp=0xc020c66c20 pc=0xf02803
hi.hxxbaby.com/letsgo/course/utils.GetNextWeekActiveLessonTime(0x0, 0x0, 0x0, 0x0, 0x6335a1252b, 0x208d840, 0x0, 0x6335a1252b, 0x208d840)
	/go/release/utils/date.go:97 +0x213 fp=0xc020c66d20 sp=0xc020c66ca0 pc=0xf02803
hi.hxxbaby.com/letsgo/course/utils.GetNextWeekActiveLessonTime(0x0, 0x0, 0x0, 0x0, 0x63359fd3ab, 0x208d840, 0x0, 0x63359fd3ab, 0x208d840)
	/go/release/utils/date.go:97 +0x213 fp=0xc020c66da0 sp=0xc020c66d20 pc=0xf02803
hi.hxxbaby.com/letsgo/course/utils.GetNextWeekActiveLessonTime(0x0, 0x0, 0x0, 0x0, 0x63359e822b, 0x208d840, 0x0, 0x63359e822b, 0x208d840)
	/go/release/utils/date.go:97 +0x213 fp=0xc020c66e20 sp=0xc020c66da0 pc=0xf02803
hi.hxxbaby.com/letsgo/course/utils.GetNextWeekActiveLessonTime(0x0, 0x0, 0x0, 0x0, 0x63359d30ab, 0x208d840, 0x0, 0x63359d30ab, 0x208d840)
	/go/release/utils/date.go:97 +0x213 fp=0xc020c66ea0 sp=0xc020c66e20 pc=0xf02803
hi.hxxbaby.com/letsgo/course/utils.GetNextWeekActiveLessonTime(0x0, 0x0, 0x0, 0x0, 0x63359bdf2b, 0x208d840, 0x0, 0x63359bdf2b, 0x208d840)
	/go/release/utils/date.go:97 +0x213 fp=0xc020c66f20 sp=0xc020c66ea0 pc=0xf02803
hi.hxxbaby.com/letsgo/course/utils.GetNextWeekActiveLessonTime(0x0, 0x0, 0x0, 0x0, 0x63359a8dab, 0x208d840, 0x0, 0x63359a8dab, 0x208d840)
	/go/release/utils/date.go:97 +0x213 fp=0xc020c66fa0 sp=0xc020c66f20 pc=0xf02803
hi.hxxbaby.com/letsgo/course/utils.GetNextWeekActiveLessonTime(0x0, 0x0, 0x0, 0x0, 0x6335993c2b, 0x208d840, 0x0, 0x6335993c2b, 0x208d840)
	/go/release/utils/date.go:97 +0x213 fp=0xc020c67020 sp=0xc020c66fa0 pc=0xf02803
hi.hxxbaby.com/letsgo/course/utils.GetNextWeekActiveLessonTime(0x0, 0x0, 0x0, 0x0, 0x633597eaab, 0x208d840, 0x0, 0x633597eaab, 0x208d840)
	/go/release/utils/date.go:97 +0x213 fp=0xc020c670a0 sp=0xc020c67020 pc=0xf02803
hi.hxxbaby.com/letsgo/course/utils.GetNextWeekActiveLessonTime(0x0, 0x0, 0x0, 0x0, 0x633596992b, 0x208d840, 0x0, 0x633596992b, 0x208d840)
	/go/release/utils/date.go:97 +0x213 fp=0xc020c67120 sp=0xc020c670a0 pc=0xf02803
hi.hxxbaby.com/letsgo/course/utils.GetNextWeekActiveLessonTime(0x0, 0x0, 0x0, 0x0, 0x63359547ab, 0x208d840, 0x0, 0x63359547ab, 0x208d840)
	/go/release/utils/date.go:97 +0x213 fp=0xc020c671a0 sp=0xc020c67120 pc=0xf02803
hi.hxxbaby.com/letsgo/course/utils.GetNextWeekActiveLessonTime(0x0, 0x0, 0x0, 0x0, 0x633593f62b, 0x208d840, 0x0, 0x633593f62b, 0x208d840)
	/go/release/utils/date.go:97 +0x213 fp=0xc020c67220 sp=0xc020c671a0 pc=0xf02803
hi.hxxbaby.com/letsgo/course/utils.GetNextWeekActiveLessonTime(0x0, 0x0, 0x0, 0x0, 0x633592a4ab, 0x208d840, 0x0, 0x633592a4ab, 0x208d840)
	/go/release/utils/date.go:97 +0x213 fp=0xc020c672a0 sp=0xc020c67220 pc=0xf02803
hi.hxxbaby.com/letsgo/course/utils.GetNextWeekActiveLessonTime(0x0, 0x0, 0x0, 0x0, 0x633591532b, 0x208d840, 0x0, 0x633591532b, 0x208d840)
	/go/release/utils/date.go:97 +0x213 fp=0xc020c67320 sp=0xc020c672a0 pc=0xf02803
hi.hxxbaby.com/letsgo/course/utils.GetNextWeekActiveLessonTime(0x0, 0x0, 0x0, 0x0, 0x63359001ab, 0x208d840, 0x0, 0x63359001ab, 0x208d840)
	/go/release/utils/date.go:97 +0x213 fp=0xc020c673a0 sp=0xc020c67320 pc=0xf02803
hi.hxxbaby.com/letsgo/course/utils.GetNextWeekActiveLessonTime(0x0, 0x0, 0x0, 0x0, 0x63358eb02b, 0x208d840, 0x0, 0x63358eb02b, 0x208d840)
	/go/release/utils/date.go:97 +0x213 fp=0xc020c67420 sp=0xc020c673a0 pc=0xf02803
hi.hxxbaby.com/letsgo/course/utils.GetNextWeekActiveLessonTime(0x0, 0x0, 0x0, 0x0, 0x63358d5eab, 0x208d840, 0x0, 0x63358d5eab, 0x208d840)
	/go/release/utils/date.go:97 +0x213 fp=0xc020c674a0 sp=0xc020c67420 pc=0xf02803
created by hi.hxxbaby.com/letsgo/course/rabbitmq.Consume
	/go/release/rabbitmq/rabbitmq.go:278 +0x173

goroutine 1 [select]:
main.main()
	/go/release/main.go:260 +0x1de0

goroutine 5 [select]:
database/sql.(*DB).connectionOpener(0xc000516000, 0x1565d00, 0xc00049bec0)
	/usr/local/go/src/database/sql/sql.go:1052 +0xe8
created by database/sql.OpenDB
	/usr/local/go/src/database/sql/sql.go:722 +0x15d

goroutine 20 [syscall]:
os/signal.signal_recv(0x0)
	/usr/local/go/src/runtime/sigqueue.go:147 +0x9c
os/signal.loop()
	/usr/local/go/src/os/signal/signal_unix.go:23 +0x22
created by os/signal.init.0
	/usr/local/go/src/os/signal/signal_unix.go:29 +0x41